error[E0599]: no method named `iter` found for struct `NoIterMethods` in the current scope
 --> cases/ui_node/delegate_iter_not_iter_methods_children_iter.rs:9:11
  |
3 | struct NoIterMethods;
  | -------------------- method `iter` not found for this struct
...
9 | #[ui_node(children_iter)]
  |           ^^^^^^^^^^^^^ method not found in `NoIterMethods`

error[E0599]: no method named `iter_mut` found for struct `NoIterMethods` in the current scope
 --> cases/ui_node/delegate_iter_not_iter_methods_children_iter.rs:9:11
  |
3 | struct NoIterMethods;
  | -------------------- method `iter_mut` not found for this struct
...
9 | #[ui_node(children_iter)]
  |           ^^^^^^^^^^^^^ method not found in `NoIterMethods`
